# JRE version: OpenJDK Runtime Environment (8.0_322) (build 1.8.0_322-ga)
# Java VM: OpenJDK 64-Bit Server VM (25.322-bga mixed mode linux-amd64 compressed oops)
Heap:
 PSYoungGen      total 9728K, used 6095K [0x00000000ff580000, 0x0000000100000000, 0x0000000100000000)
  eden space 8704K, 58% used [0x00000000ff580000,0x00000000ffa7bd98,0x00000000ffe00000)
  from space 1024K, 96% used [0x00000000fff00000,0x00000000ffff8020,0x0000000100000000)
  to   space 1024K, 0% used [0x00000000ffe00000,0x00000000ffe00000,0x00000000fff00000)
 ParOldGen       total 22016K, used 4229K [0x00000000fe000000, 0x00000000ff580000, 0x00000000ff580000)
  object space 22016K, 19% used [0x00000000fe000000,0x00000000fe4214b0,0x00000000ff580000)
 Metaspace       used 12593K, capacity 12738K, committed 12928K, reserved 1060864K
  class space    used 1466K, capacity 1541K, committed 1664K, reserved 1048576K
GC Heap History (4 events):
Event: 5.233 GC heap before
{Heap before GC invocations=1 (full 0):
 PSYoungGen      total 9728K, used 8704K [0x00000000ff580000, 0x0000000100000000, 0x0000000100000000)
  eden space 8704K, 100% used [0x00000000ff580000,0x00000000ffe00000,0x00000000ffe00000)
  from space 1024K, 0% used [0x00000000fff00000,0x00000000fff00000,0x0000000100000000)
  to   space 1024K, 0% used [0x00000000ffe00000,0x00000000ffe00000,0x00000000fff00000)
 ParOldGen       total 22016K, used 0K [0x00000000fe000000, 0x00000000ff580000, 0x00000000ff580000)
  object space 22016K, 0% used [0x00000000fe000000,0x00000000fe000000,0x00000000ff580000)
 Metaspace       used 7304K, capacity 7486K, committed 7680K, reserved 1056768K
  class space    used 840K, capacity 899K, committed 1024K, reserved 1048576K
Event: 5.318 GC heap after
Heap after GC invocations=1 (full 0):
 PSYoungGen      total 9728K, used 1024K [0x00000000ff580000, 0x0000000100000000, 0x0000000100000000)
  eden space 8704K, 0% used [0x00000000ff580000,0x00000000ff580000,0x00000000ffe00000)
  from space 1024K, 100% used [0x00000000ffe00000,0x00000000fff00000,0x00000000fff00000)
  to   space 1024K, 0% used [0x00000000fff00000,0x00000000fff00000,0x0000000100000000)
 ParOldGen       total 22016K, used 1574K [0x00000000fe000000, 0x00000000ff580000, 0x00000000ff580000)
  object space 22016K, 7% used [0x00000000fe000000,0x00000000fe189ac0,0x00000000ff580000)
 Metaspace       used 7304K, capacity 7486K, committed 7680K, reserved 1056768K
  class space    used 840K, capacity 899K, committed 1024K, reserved 1048576K
}
Event: 10.549 GC heap before
{Heap before GC invocations=2 (full 0):
 PSYoungGen      total 9728K, used 9728K [0x00000000ff580000, 0x0000000100000000, 0x0000000100000000)
  eden space 8704K, 100% used [0x00000000ff580000,0x00000000ffe00000,0x00000000ffe00000)
  from space 1024K, 100% used [0x00000000ffe00000,0x00000000fff00000,0x00000000fff00000)
  to   space 1024K, 0% used [0x00000000fff00000,0x00000000fff00000,0x0000000100000000)
 ParOldGen       total 22016K, used 1574K [0x00000000fe000000, 0x00000000ff580000, 0x00000000ff580000)
  object space 22016K, 7% used [0x00000000fe000000,0x00000000fe189ac0,0x00000000ff580000)
 Metaspace       used 11436K, capacity 11648K, committed 11776K, reserved 1058816K
  class space    used 1341K, capacity 1412K, committed 1536K, reserved 1048576K
Event: 10.573 GC heap after
Heap after GC invocations=2 (full 0):
 PSYoungGen      total 9728K, used 992K [0x00000000ff580000, 0x0000000100000000, 0x0000000100000000)
  eden space 8704K, 0% used [0x00000000ff580000,0x00000000ff580000,0x00000000ffe00000)
  from space 1024K, 96% used [0x00000000fff00000,0x00000000ffff8020,0x0000000100000000)
  to   space 1024K, 0% used [0x00000000ffe00000,0x00000000ffe00000,0x00000000fff00000)
 ParOldGen       total 22016K, used 4229K [0x00000000fe000000, 0x00000000ff580000, 0x00000000ff580000)
  object space 22016K, 19% used [0x00000000fe000000,0x00000000fe4214b0,0x00000000ff580000)
 Metaspace       used 11436K, capacity 11648K, committed 11776K, reserved 1058816K
  class space    used 1341K, capacity 1412K, committed 1536K, reserved 1048576K
}

