# JRE version: OpenJDK Runtime Environment (8.0_322) (build 1.8.0_322-ga)
# Java VM: OpenJDK 64-Bit Server VM (25.322-bga mixed mode linux-amd64 compressed oops)
Heap:
 PSYoungGen      total 56320K, used 55632K [0x00000000f5580000, 0x00000000f8f80000, 0x0000000100000000)
  eden space 53248K, 100% used [0x00000000f5580000,0x00000000f8980000,0x00000000f8980000)
  from space 3072K, 77% used [0x00000000f8980000,0x00000000f8bd4010,0x00000000f8c80000)
  to   space 3072K, 0% used [0x00000000f8c80000,0x00000000f8c80000,0x00000000f8f80000)
 ParOldGen       total 349696K, used 156349K [0x00000000e0000000, 0x00000000f5580000, 0x00000000f5580000)
  object space 349696K, 44% used [0x00000000e0000000,0x00000000e98af520,0x00000000f5580000)
 Metaspace       used 41554K, capacity 42924K, committed 43440K, reserved 1087488K
  class space    used 5457K, capacity 5702K, committed 5808K, reserved 1048576K
GC Heap History (10 events):
Event: 13608.175 GC heap before
{Heap before GC invocations=181 (full 2):
 PSYoungGen      total 56320K, used 55584K [0x00000000f5580000, 0x00000000f8f80000, 0x0000000100000000)
  eden space 53248K, 100% used [0x00000000f5580000,0x00000000f8980000,0x00000000f8980000)
  from space 3072K, 76% used [0x00000000f8c80000,0x00000000f8ec8000,0x00000000f8f80000)
  to   space 3072K, 0% used [0x00000000f8980000,0x00000000f8980000,0x00000000f8c80000)
 ParOldGen       total 349696K, used 156117K [0x00000000e0000000, 0x00000000f5580000, 0x00000000f5580000)
  object space 349696K, 44% used [0x00000000e0000000,0x00000000e9875520,0x00000000f5580000)
 Metaspace       used 41549K, capacity 42924K, committed 43440K, reserved 1087488K
  class space    used 5457K, capacity 5702K, committed 5808K, reserved 1048576K
Event: 13608.202 GC heap after
Heap after GC invocations=181 (full 2):
 PSYoungGen      total 56320K, used 2368K [0x00000000f5580000, 0x00000000f8f80000, 0x0000000100000000)
  eden space 53248K, 0% used [0x00000000f5580000,0x00000000f5580000,0x00000000f8980000)
  from space 3072K, 77% used [0x00000000f8980000,0x00000000f8bd0000,0x00000000f8c80000)
  to   space 3072K, 0% used [0x00000000f8c80000,0x00000000f8c80000,0x00000000f8f80000)
 ParOldGen       total 349696K, used 156205K [0x00000000e0000000, 0x00000000f5580000, 0x00000000f5580000)
  object space 349696K, 44% used [0x00000000e0000000,0x00000000e988b520,0x00000000f5580000)
 Metaspace       used 41549K, capacity 42924K, committed 43440K, reserved 1087488K
  class space    used 5457K, capacity 5702K, committed 5808K, reserved 1048576K
}
Event: 13676.531 GC heap before
{Heap before GC invocations=182 (full 2):
 PSYoungGen      total 56320K, used 55616K [0x00000000f5580000, 0x00000000f8f80000, 0x0000000100000000)
  eden space 53248K, 100% used [0x00000000f5580000,0x00000000f8980000,0x00000000f8980000)
  from space 3072K, 77% used [0x00000000f8980000,0x00000000f8bd0000,0x00000000f8c80000)
  to   space 3072K, 0% used [0x00000000f8c80000,0x00000000f8c80000,0x00000000f8f80000)
 ParOldGen       total 349696K, used 156205K [0x00000000e0000000, 0x00000000f5580000, 0x00000000f5580000)
  object space 349696K, 44% used [0x00000000e0000000,0x00000000e988b520,0x00000000f5580000)
 Metaspace       used 41549K, capacity 42924K, committed 43440K, reserved 1087488K
  class space    used 5457K, capacity 5702K, committed 5808K, reserved 1048576K
Event: 13676.694 GC heap after
Heap after GC invocations=182 (full 2):
 PSYoungGen      total 56320K, used 1984K [0x00000000f5580000, 0x00000000f8f80000, 0x0000000100000000)
  eden space 53248K, 0% used [0x00000000f5580000,0x00000000f5580000,0x00000000f8980000)
  from space 3072K, 64% used [0x00000000f8c80000,0x00000000f8e70000,0x00000000f8f80000)
  to   space 3072K, 0% used [0x00000000f8980000,0x00000000f8980000,0x00000000f8c80000)
 ParOldGen       total 349696K, used 156213K [0x00000000e0000000, 0x00000000f5580000, 0x00000000f5580000)
  object space 349696K, 44% used [0x00000000e0000000,0x00000000e988d520,0x00000000f5580000)
 Metaspace       used 41549K, capacity 42924K, committed 43440K, reserved 1087488K
  class space    used 5457K, capacity 5702K, committed 5808K, reserved 1048576K
}
Event: 13752.025 GC heap before
{Heap before GC invocations=183 (full 2):
 PSYoungGen      total 56320K, used 55232K [0x00000000f5580000, 0x00000000f8f80000, 0x0000000100000000)
  eden space 53248K, 100% used [0x00000000f5580000,0x00000000f8980000,0x00000000f8980000)
  from space 3072K, 64% used [0x00000000f8c80000,0x00000000f8e70000,0x00000000f8f80000)
  to   space 3072K, 0% used [0x00000000f8980000,0x00000000f8980000,0x00000000f8c80000)
 ParOldGen       total 349696K, used 156213K [0x00000000e0000000, 0x00000000f5580000, 0x00000000f5580000)
  object space 349696K, 44% used [0x00000000e0000000,0x00000000e988d520,0x00000000f5580000)
 Metaspace       used 41549K, capacity 42924K, committed 43440K, reserved 1087488K
  class space    used 5457K, capacity 5702K, committed 5808K, reserved 1048576K
Event: 13752.031 GC heap after
Heap after GC invocations=183 (full 2):
 PSYoungGen      total 56320K, used 2240K [0x00000000f5580000, 0x00000000f8f80000, 0x0000000100000000)
  eden space 53248K, 0% used [0x00000000f5580000,0x00000000f5580000,0x00000000f8980000)
  from space 3072K, 72% used [0x00000000f8980000,0x00000000f8bb0000,0x00000000f8c80000)
  to   space 3072K, 0% used [0x00000000f8c80000,0x00000000f8c80000,0x00000000f8f80000)
 ParOldGen       total 349696K, used 156221K [0x00000000e0000000, 0x00000000f5580000, 0x00000000f5580000)
  object space 349696K, 44% used [0x00000000e0000000,0x00000000e988f520,0x00000000f5580000)
 Metaspace       used 41549K, capacity 42924K, committed 43440K, reserved 1087488K
  class space    used 5457K, capacity 5702K, committed 5808K, reserved 1048576K
}
Event: 13819.076 GC heap before
{Heap before GC invocations=184 (full 2):
 PSYoungGen      total 56320K, used 55488K [0x00000000f5580000, 0x00000000f8f80000, 0x0000000100000000)
  eden space 53248K, 100% used [0x00000000f5580000,0x00000000f8980000,0x00000000f8980000)
  from space 3072K, 72% used [0x00000000f8980000,0x00000000f8bb0000,0x00000000f8c80000)
  to   space 3072K, 0% used [0x00000000f8c80000,0x00000000f8c80000,0x00000000f8f80000)
 ParOldGen       total 349696K, used 156221K [0x00000000e0000000, 0x00000000f5580000, 0x00000000f5580000)
  object space 349696K, 44% used [0x00000000e0000000,0x00000000e988f520,0x00000000f5580000)
 Metaspace       used 41549K, capacity 42924K, committed 43440K, reserved 1087488K
  class space    used 5457K, capacity 5702K, committed 5808K, reserved 1048576K
Event: 13819.122 GC heap after
Heap after GC invocations=184 (full 2):
 PSYoungGen      total 56320K, used 2048K [0x00000000f5580000, 0x00000000f8f80000, 0x0000000100000000)
  eden space 53248K, 0% used [0x00000000f5580000,0x00000000f5580000,0x00000000f8980000)
  from space 3072K, 66% used [0x00000000f8c80000,0x00000000f8e80000,0x00000000f8f80000)
  to   space 3072K, 0% used [0x00000000f8980000,0x00000000f8980000,0x00000000f8c80000)
 ParOldGen       total 349696K, used 156341K [0x00000000e0000000, 0x00000000f5580000, 0x00000000f5580000)
  object space 349696K, 44% used [0x00000000e0000000,0x00000000e98ad520,0x00000000f5580000)
 Metaspace       used 41549K, capacity 42924K, committed 43440K, reserved 1087488K
  class space    used 5457K, capacity 5702K, committed 5808K, reserved 1048576K
}
Event: 13887.676 GC heap before
{Heap before GC invocations=185 (full 2):
 PSYoungGen      total 56320K, used 55296K [0x00000000f5580000, 0x00000000f8f80000, 0x0000000100000000)
  eden space 53248K, 100% used [0x00000000f5580000,0x00000000f8980000,0x00000000f8980000)
  from space 3072K, 66% used [0x00000000f8c80000,0x00000000f8e80000,0x00000000f8f80000)
  to   space 3072K, 0% used [0x00000000f8980000,0x00000000f8980000,0x00000000f8c80000)
 ParOldGen       total 349696K, used 156341K [0x00000000e0000000, 0x00000000f5580000, 0x00000000f5580000)
  object space 349696K, 44% used [0x00000000e0000000,0x00000000e98ad520,0x00000000f5580000)
 Metaspace       used 41554K, capacity 42924K, committed 43440K, reserved 1087488K
  class space    used 5457K, capacity 5702K, committed 5808K, reserved 1048576K
Event: 13887.687 GC heap after
Heap after GC invocations=185 (full 2):
 PSYoungGen      total 56320K, used 2384K [0x00000000f5580000, 0x00000000f8f80000, 0x0000000100000000)
  eden space 53248K, 0% used [0x00000000f5580000,0x00000000f5580000,0x00000000f8980000)
  from space 3072K, 77% used [0x00000000f8980000,0x00000000f8bd4010,0x00000000f8c80000)
  to   space 3072K, 0% used [0x00000000f8c80000,0x00000000f8c80000,0x00000000f8f80000)
 ParOldGen       total 349696K, used 156349K [0x00000000e0000000, 0x00000000f5580000, 0x00000000f5580000)
  object space 349696K, 44% used [0x00000000e0000000,0x00000000e98af520,0x00000000f5580000)
 Metaspace       used 41554K, capacity 42924K, committed 43440K, reserved 1087488K
  class space    used 5457K, capacity 5702K, committed 5808K, reserved 1048576K
}

